0 info it worked if it ends with ok
1 verbose cli [ 'C:\\Program Files\\nodejs\\node.exe',
1 verbose cli   'C:\\Program Files\\nodejs\\node_modules\\npm\\bin\\npm-cli.js',
1 verbose cli   'start' ]
2 info using npm@3.10.10
3 info using node@v6.11.2
4 verbose run-script [ 'prestart', 'start', 'poststart' ]
5 info lifecycle client@0.0.0~prestart: client@0.0.0
6 silly lifecycle client@0.0.0~prestart: no script for prestart, continuing
7 info lifecycle client@0.0.0~start: client@0.0.0
8 verbose lifecycle client@0.0.0~start: unsafe-perm in lifecycle true
9 verbose lifecycle client@0.0.0~start: PATH: C:\Program Files\nodejs\node_modules\npm\bin\node-gyp-bin;C:\Users\douglasea\Documents\VitalFiles\College\Year3\Q2\SE3810\LoadBalancer\client\node_modules\.bin;C:\tools\cmder\bin;C:\tools\cmder\vendor\conemu-maximus5\ConEmu\Scripts;C:\tools\cmder\vendor\conemu-maximus5;C:\tools\cmder\vendor\conemu-maximus5\ConEmu;C:\ProgramData\Oracle\Java\javapath;C:\WINDOWS\system32;C:\WINDOWS;C:\WINDOWS\System32\Wbem;C:\WINDOWS\System32\WindowsPowerShell\v1.0\;C:\Program Files (x86)\Box\Box Edit\;C:\Program Files (x86)\PuTTY\;C:\ProgramData\chocolatey\bin;C:\Program Files\nodejs\;C:\Program Files\Git\cmd;C:\Program Files (x86)\WinMerge;C:\Program Files\MySQL\MySQL Utilities 1.6\;C:\Program Files\MySQL\MySQL Server 5.7\bin;C:\HashiCorp\Vagrant\bin;C:\tools\Android\android-sdk\tools;C:\tools\Android\android-sdk;C:\Program Files\Amazon\AWSCLI\;C:\Users\douglasea\AppData\Local\Programs\Python\Python36;C:\Program Files\dotnet\;C:\Program Files\Microsoft SQL Server\130\Tools\Binn\;C:\Users\douglasea\Documents\VitalFiles\r-music\r-music\bin\Debug\r-listentothis.exe;C:\Ruby24-x64\bin;C:\Users\douglasea\AppData\Local\Microsoft\WindowsApps;C:\Users\douglasea\AppData\Roaming\npm;C:\tools\cmder;C:\tools\mingw64\bin;C:\Program Files\Microsoft VS Code\bin;;C:\Program Files\Git\usr\bin;C:\Program Files\Git\usr\share\vim\vim74;C:\tools\cmder\
10 verbose lifecycle client@0.0.0~start: CWD: C:\Users\douglasea\Documents\VitalFiles\College\Year3\Q2\SE3810\LoadBalancer\client
11 silly lifecycle client@0.0.0~start: Args: [ '/d /s /c', 'ng serve --proxy-config proxy.conf.json --pr' ]
12 silly lifecycle client@0.0.0~start: Returned: code: 1  signal: null
13 info lifecycle client@0.0.0~start: Failed to exec start script
14 verbose stack Error: client@0.0.0 start: `ng serve --proxy-config proxy.conf.json --pr`
14 verbose stack Exit status 1
14 verbose stack     at EventEmitter.<anonymous> (C:\Program Files\nodejs\node_modules\npm\lib\utils\lifecycle.js:255:16)
14 verbose stack     at emitTwo (events.js:106:13)
14 verbose stack     at EventEmitter.emit (events.js:191:7)
14 verbose stack     at ChildProcess.<anonymous> (C:\Program Files\nodejs\node_modules\npm\lib\utils\spawn.js:40:14)
14 verbose stack     at emitTwo (events.js:106:13)
14 verbose stack     at ChildProcess.emit (events.js:191:7)
14 verbose stack     at maybeClose (internal/child_process.js:891:16)
14 verbose stack     at Process.ChildProcess._handle.onexit (internal/child_process.js:226:5)
15 verbose pkgid client@0.0.0
16 verbose cwd C:\Users\douglasea\Documents\VitalFiles\College\Year3\Q2\SE3810\LoadBalancer\client
17 error Windows_NT 10.0.15063
18 error argv "C:\\Program Files\\nodejs\\node.exe" "C:\\Program Files\\nodejs\\node_modules\\npm\\bin\\npm-cli.js" "start"
19 error node v6.11.2
20 error npm  v3.10.10
21 error code ELIFECYCLE
22 error client@0.0.0 start: `ng serve --proxy-config proxy.conf.json --pr`
22 error Exit status 1
23 error Failed at the client@0.0.0 start script 'ng serve --proxy-config proxy.conf.json --pr'.
23 error Make sure you have the latest version of node.js and npm installed.
23 error If you do, this is most likely a problem with the client package,
23 error not with npm itself.
23 error Tell the author that this fails on your system:
23 error     ng serve --proxy-config proxy.conf.json --pr
23 error You can get information on how to open an issue for this project with:
23 error     npm bugs client
23 error Or if that isn't available, you can get their info via:
23 error     npm owner ls client
23 error There is likely additional logging output above.
24 verbose exit [ 1, true ]
